Log file open, 09/28/14 00:39:03
LogInit:Display: Running engine for game: TappyBIrd2d
LogInit: Version: 4.4.3-2296771+++depot+UE4-Releases+4.4
LogInit: API Version: 2255576
LogInit: Compiled (64-bit): Sep 13 2014 22:30:58
LogInit: Build Configuration: Development
LogInit: Branch Name: ++depot+UE4-Releases+4.4
LogInit: Command line:  
LogInit: Base directory: D:/Program Files/Unreal Engine/4.4/Engine/Binaries/Win64/
LogInit: Rocket: 1
[2014.09.27-22.39.03:372][  0]LogTaskGraph: Started task graph with 3 named threads and 6 total threads.
[2014.09.27-22.39.03:417][  0]LogOnline:Warning: No default platform service specified for OnlineSubsystem
[2014.09.27-22.39.03:455][  0]LogInit: Presizing for 0 objects not considered by GC, pre-allocating 0 bytes.
[2014.09.27-22.39.03:460][  0]LogInit: Object subsystem initialized
[2014.09.27-22.39.03:461][  0]LogInit: Selected Device Profile: [Windows]
[2014.09.27-22.39.03:461][  0]LogInit: Applying CVar settings loaded from the selected device profile: [Windows]
[2014.09.27-22.39.03:467][  0]LogInit: Computer: SSD64-PC
[2014.09.27-22.39.03:467][  0]LogInit: User: SSD64
[2014.09.27-22.39.03:467][  0]LogInit: CPU Page size=4096, Cores=6
[2014.09.27-22.39.03:467][  0]LogInit: High frequency timer resolution =3.125107 MHz
[2014.09.27-22.39.03:467][  0]LogMemory: Memory total: Physical=15.9GB (16GB approx) Virtual=8192.0GB
[2014.09.27-22.39.03:467][  0]LogMemory: Platform Memory Stats for Windows
[2014.09.27-22.39.03:467][  0]LogMemory: Process Physical Memory: 63.32 MB used, 63.32 MB peak
[2014.09.27-22.39.03:467][  0]LogMemory: Process Virtual Memory: 39.34 MB used, 39.34 MB peak
[2014.09.27-22.39.03:467][  0]LogMemory: Physical Memory: 3560.73 MB used, 16327.46 MB total
[2014.09.27-22.39.03:467][  0]LogMemory: Virtual Memory: 262.04 MB used, 8388608.00 MB total
[2014.09.27-22.39.03:488][  0]LogD3D11RHI: Found D3D11 adapter 0: NVIDIA GeForce GTX 580 (Feature Level 11_0)
[2014.09.27-22.39.03:488][  0]LogD3D11RHI: Adapter has 3018MB of dedicated video memory, 0MB of dedicated system memory, and 7907MB of shared system memory, 2 output[s]
[2014.09.27-22.39.03:488][  0]LogD3D11RHI: Chosen D3D11 Adapter Id = 0
[2014.09.27-22.39.03:491][  0]LogRHI: Texture pool is 1361 MB (70% of 1945 MB)
[2014.09.27-22.39.03:496][  0]LogD3D11RHI: Async texture creation enabled
[2014.09.27-22.39.03:815][  0]LogContentStreaming: Texture pool size is 0.000000MB
[2014.09.27-22.39.05:046][  0]LogTargetPlatformManager:Display: Building Assets For Windows
[2014.09.27-22.39.05:411][  0]LogTargetPlatformManager:Display: Building Assets For Windows
[2014.09.27-22.39.05:446][  0]LogDerivedDataCache:Display: Max Cache Size: 512 MB
[2014.09.27-22.39.05:474][  0]LogDerivedDataCache: Loaded boot cache 0.03s 39MB C:/Users/SSD64/AppData/Local/UnrealEngine/4.4/DerivedDataCache/Boot.ddc.
[2014.09.27-22.39.05:474][  0]LogDerivedDataCache:Display: Loaded Boot cache: C:/Users/SSD64/AppData/Local/UnrealEngine/4.4/DerivedDataCache/Boot.ddc
[2014.09.27-22.39.05:474][  0]LogDerivedDataCache: FDerivedDataBackendGraph:  Pak pak cache file ../../../../../../Users/SSD64/Unreal Projects/TappyBIrd2d/DerivedDataCache/DDC.ddp not found, will not use a pak cache.
[2014.09.27-22.39.05:474][  0]LogDerivedDataCache: Unable to find inner node Pak for hierarchical cache Hierarchy.
[2014.09.27-22.39.05:488][  0]LogDerivedDataCache:Display: Pak cache opened for reading ../../../Engine/DerivedDataCache/DDC.ddp.
[2014.09.27-22.39.05:499][  0]LogDerivedDataCache: Using Local data cache path C:/Users/SSD64/AppData/Local/UnrealEngine/4.4/DerivedDataCache: Writable
[2014.09.27-22.39.05:685][  0]LogMeshUtilities: No automatic mesh reduction module available
[2014.09.27-22.39.05:685][  0]LogMeshUtilities: No automatic mesh merging module available
[2014.09.27-22.39.05:938][  0]LogInit: WinSock: version 1.1 (2.2), MaxSocks=32767, MaxUdp=65467
[2014.09.27-22.39.07:007][  0]LogStats:Warning: MetaData mismatch. Did you assign a stat to two groups? New //STATGROUP_Threads//FMonitoredProcess///Thread_944_0///////STATCAT_Advanced//// old //STATGROUP_Threads//FMonitoredProcess///Thread_988_0///////STATCAT_Advanced////
[2014.09.27-22.39.07:007][  0]UdpMessaging: Initializing bridge on interface 0.0.0.0:0 to multicast group 230.0.0.1:6666.
[2014.09.27-22.39.07:191][  0]SourceControl: Info Source control is disabled
[2014.09.27-22.39.07:191][  0]SourceControl: Info Source control is disabled
[2014.09.27-22.39.07:194][  0]SourceControl: Info Source control is disabled
[2014.09.27-22.39.07:542][  0]BlueprintLog: New page: Editor Load
[2014.09.27-22.39.07:734][  0]LogObj: 21438 objects as part of root set at end of initial load.
[2014.09.27-22.39.07:734][  0]LogUObjectAllocator: 4218656 out of 0 bytes used by permanent object pool.
[2014.09.27-22.39.07:921][  0]LogEngine: Initializing Engine...
[2014.09.27-22.39.07:997][  0]LogInit: XAudio2 using 'Speakers (Logitech G930 Headset)' : 8 channels at 48 kHz using 16 bits per sample (channel mask 0x63f)
[2014.09.27-22.39.08:002][  0]LogInit: FAudioDevice initialized.
[2014.09.27-22.39.08:013][  0]LogAIModule: Creating AISystem for world NewWorld
[2014.09.27-22.39.08:028][  0]LogDerivedDataCache: Saved boot cache 0.02s 39MB C:/Users/SSD64/AppData/Local/UnrealEngine/4.4/DerivedDataCache/Boot.ddc.
[2014.09.27-22.39.08:033][  0]LogInit: Texture streaming: Enabled
[2014.09.27-22.39.08:064][  0]LogInit: Transaction tracking system initialized
[2014.09.27-22.39.08:285][  0]LogAssetRegistry: FAssetRegistry took 0.0093 seconds to start up
[2014.09.27-22.39.08:886][  0]LogTargetPlatformManager:Display: Building Assets For Windows
[2014.09.27-22.39.09:117][  0]LogTargetPlatformManager:Display: Building Assets For Windows
[2014.09.27-22.39.09:316][  0]LogConsoleResponse:Display: 
[2014.09.27-22.39.09:544][  0]LogStats:Warning: MetaData mismatch. Did you assign a stat to two groups? New //STATGROUP_Threads//FMonitoredProcess///Thread_1ab0_0///////STATCAT_Advanced//// old //STATGROUP_Threads//FMonitoredProcess///Thread_988_0///////STATCAT_Advanced////
[2014.09.27-22.39.09:544][  0]LogStats:Warning: MetaData mismatch. Did you assign a stat to two groups? New //STATGROUP_Threads//FMonitoredProcess///Thread_10d4_0///////STATCAT_Advanced//// old //STATGROUP_Threads//FMonitoredProcess///Thread_988_0///////STATCAT_Advanced////
[2014.09.27-22.39.09:544][  0]SourceControl: Info Source control is disabled
[2014.09.27-22.39.09:544][  0]Cmd: MAP LOAD FILE="../../../../../../Users/SSD64/Unreal Projects/TappyBIrd2d/Content/Maps/Example_Map.umap" TEMPLATE=0 SHOWPROGRESS=1
[2014.09.27-22.39.09:544][  0]LightingResults: New page: Lighting Build
[2014.09.27-22.39.09:549][  0]MapCheck: New page: Map Check
[2014.09.27-22.39.09:549][  0]LightingResults: New page: Lighting Build
[2014.09.27-22.39.09:554][  0]LogParticles: Destroying 0 GPU particle simulations for FXSystem 0x00000000115087C0
[2014.09.27-22.39.10:526][  0]LogEditorServer: Finished looking for orphan Actors (0.000 secs)
[2014.09.27-22.39.10:526][  0]LogAIModule: Creating AISystem for world Example_Map
[2014.09.27-22.39.10:526][  0]Cmd: MAP CHECKDEP
[2014.09.27-22.39.10:527][  0]MapCheck: New page: Example_Map - 28 Sep 2014 02:39:10
[2014.09.27-22.39.10:635][  0]MapCheck: Info ========== Map Check: 0 Error(s), 0 Warning(s), [107.971ms] ==========
[2014.09.27-22.39.10:635][  0]LogFileHelpers: Loading map 'Example_Map' took 1.091
[2014.09.27-22.39.10:710][  0]LogCollectionManager: Loaded 0 collections in 0.000775 seconds
[2014.09.27-22.39.10:804][  0]LogCrashTracker: Crashtracker disabled due to settings.
[2014.09.27-22.39.10:854][  0]LogLoad: Full Startup: 9.34 seconds (BP compile: 0.46 seconds)
[2014.09.27-22.39.10:868][  0]LogContentBrowser:Verbose: The content browser source was changed by the sources view to '/Game/Blueprints'
[2014.09.27-22.39.10:967][  0]LogRenderer:Warning: Reallocating scene render targets to support 32x32.
[2014.09.27-22.39.11:000][  0]LogRenderer:Warning: Reallocating scene render targets to support 1072x896.
[2014.09.27-22.39.11:092][  1]LogAssetRegistry: Asset discovery search completed in 2.8169 seconds
[2014.09.27-22.39.45:032][ 30]LogContentBrowser:Verbose: The content browser source was changed by the sources view to '/Game/Textures/Fx'
[2014.09.27-22.39.47:638][342]LogContentBrowser:Verbose: The content browser source was changed by the sources view to '/Game/Textures/EggsUMG'
[2014.09.27-22.39.59:955][771]Cmd: OBJ SAVEPACKAGE PACKAGE="/Game/Textures/EggsUMG/eggdrop63" FILE="../../../../../../Users/SSD64/Unreal Projects/TappyBIrd2d/Content/Textures/EggsUMG/eggdrop63.uasset" SILENT=true
[2014.09.27-22.40.00:055][771]LogSavePackage: Save=19.808922ms
[2014.09.27-22.40.00:055][771]LogSavePackage: Moving '../../../../../../Users/SSD64/Unreal Projects/TappyBIrd2d/Saved/eggdrop634F34DA7E4083DB25809AFFA5C8D333E9.tmp' to '../../../../../../Users/SSD64/Unreal Projects/TappyBIrd2d/Content/Textures/EggsUMG/eggdrop63.uasset'
[2014.09.27-22.40.04:836][337]LogContentBrowser:Verbose: The content browser source was changed by the sources view to '/Game/Textures'
[2014.09.27-22.40.27:277][386]LogContentBrowser:Verbose: The content browser source was changed by the sources view to '/Game/Sprites'
[2014.09.27-22.40.32:181][973]LogContentBrowser:Verbose: The content browser source was changed by the sources view to '/Game/Sprites/RunFrames'
[2014.09.27-22.40.40:218][476]LogContentBrowser:Verbose: The content browser source was changed by the sources view to 'None'
[2014.09.27-22.40.42:060][689]LogContentBrowser:Verbose: The content browser source was changed by the sources view to '/Game/Sprites/Pipes'
[2014.09.27-22.40.43:479][859]LogContentBrowser:Verbose: The content browser source was changed by the sources view to '/Game/Sprites'
[2014.09.27-22.41.05:686][446]LogContentBrowser:Verbose: The content browser source was changed by the sources view to '/Game/Blueprints'
[2014.09.27-22.41.07:472][658]LogContentBrowser:Verbose: The content browser source was changed by the sources view to '/Game/Textures/Fx'
[2014.09.27-22.41.07:894][708]LogContentBrowser:Verbose: The content browser source was changed by the sources view to '/Game/Textures/EggsUMG'
[2014.09.27-22.41.08:367][762]LogContentBrowser:Verbose: The content browser source was changed by the sources view to '/Game/Sprites/Pipes'
[2014.09.27-22.41.10:520][ 20]LogContentBrowser:Verbose: The content browser source was changed by the sources view to '/Game/Sprites/NewBGSprites'
[2014.09.27-22.41.23:170][522]LogContentBrowser:Verbose: The content browser source was changed by the sources view to '/Game/Sprites/IdleFrames'
[2014.09.27-22.41.28:989][916]LogContentBrowser:Verbose: The content browser source was changed by the sources view to 'None'
[2014.09.27-22.41.30:417][ 84]LogContentBrowser:Verbose: The content browser source was changed by the sources view to '/Game/Sprites/AngryBird'
[2014.09.27-22.41.38:911][101]LogContentBrowser:Verbose: The content browser source was changed by the sources view to '/Game/Blueprints'
[2014.09.27-22.41.52:196][483]LogObjectTools:Warning: ForceReplaceReferences replaced references for a transient object 'SKEL_BP_LvlBlock2_C' or package '/Game/Blueprints/BP_LvlBlock2'.
[2014.09.27-22.41.54:742][778]LogContentBrowser:Verbose: The content browser source was changed by the sources view to '/Game/Menus'
[2014.09.27-22.41.56:237][956]LogContentBrowser:Verbose: The content browser source was changed by the sources view to '/Game/Menus/Brushes'
[2014.09.27-22.42.25:257][867]LogContentBrowser:Verbose: The content browser source was changed by the sources view to '/Game/Menus/Brushes/EggCollection_UMG'
[2014.09.27-22.42.31:244][576]LogContentBrowser:Verbose: The content browser source was changed by the sources view to '/Game/Menus/Brushes'
[2014.09.27-22.42.35:840][119]LogContentBrowser:Verbose: The content browser source was changed by the sources view to '/Game/Materials'
[2014.09.27-22.42.55:403][677]LogMaterial: Missing cached shader map for material PreviewMaterial_0, compiling.
[2014.09.27-22.42.55:412][677]LogActorComponent: UnregisterComponent: (/Engine/Transient.SkeletalMeshComponent_0) Not registered. Aborting.
[2014.09.27-22.42.55:467][677]LogActorComponent: UnregisterComponent: (/Engine/Transient.SkeletalMeshComponent_0) Not registered. Aborting.
[2014.09.27-22.42.55:467][677]LogActorComponent: RegisterComponentWithWorld: (/Engine/Transient.MaterialEditorMeshComponent_0) Already registered. Aborting.
[2014.09.27-22.42.55:468][677]LogLinker:Warning: Can't find file '/Game/Meshes/SM_BG_Fence_01'
[2014.09.27-22.42.55:468][677]LogLinker:Warning: Can't find file '/Game/Meshes/SM_BG_Fence_01'
[2014.09.27-22.42.55:468][677]LogUObjectGlobals:Warning: Failed to find object 'StaticMesh /Game/Meshes/SM_BG_Fence_01.SM_BG_Fence_01'
[2014.09.27-22.42.55:468][677]LogLinker:Warning: Can't find file '/Game/Meshes/SM_BG_Fence_01'
[2014.09.27-22.42.55:468][677]LogLinker:Warning: Can't find file '/Game/Meshes/SM_BG_Fence_01'
[2014.09.27-22.42.55:468][677]LogUObjectGlobals:Warning: Failed to find object 'SkeletalMesh /Game/Meshes/SM_BG_Fence_01.SM_BG_Fence_01'
[2014.09.27-22.42.55:468][677]LogActorComponent: UnregisterComponent: (/Engine/Transient.SkeletalMeshComponent_0) Not registered. Aborting.
[2014.09.27-22.42.55:468][677]LogActorComponent: RegisterComponentWithWorld: (/Engine/Transient.MaterialEditorMeshComponent_0) Already registered. Aborting.
[2014.09.27-22.42.55:469][677]LogMaterial: Missing cached shader map for material PreviewMaterial_0, compiling.
[2014.09.27-22.42.55:495][677]LogMaterial: Missing cached shader map for material FMatExpressionPreview MaterialExpressionTextureSample_0, compiling.
[2014.09.27-22.42.55:496][677]LogMaterial: Missing cached shader map for material FMatExpressionPreview MaterialExpressionCollectionParameter_10, compiling.
[2014.09.27-22.42.55:497][677]LogMaterial: Missing cached shader map for material FMatExpressionPreview MaterialExpressionCollectionParameter_4, compiling.
[2014.09.27-22.42.55:498][677]LogMaterial: Missing cached shader map for material FMatExpressionPreview MaterialExpressionCollectionParameter_7, compiling.
[2014.09.27-22.42.55:499][677]LogMaterial: Missing cached shader map for material FMatExpressionPreview MaterialExpressionCollectionParameter_8, compiling.
[2014.09.27-22.42.55:502][677]LogMaterial: Missing cached shader map for material FMatExpressionPreview MaterialExpressionCollectionParameter_11, compiling.
[2014.09.27-22.42.55:504][677]LogMaterial: Missing cached shader map for material FMatExpressionPreview MaterialExpressionCollectionParameter_15, compiling.
[2014.09.27-22.42.57:021][783]MaterialEditorStats: Info Base pass shader without light map: 47 instructions
[2014.09.27-22.42.57:021][783]MaterialEditorStats: Info Vertex shader: 32 instructions
[2014.09.27-22.42.57:021][783]MaterialEditorStats: Info Texture samplers: 0/16
[2014.09.27-22.43.05:413][662]LogParticles: Destroying 0 GPU particle simulations for FXSystem 0x000000001F68EFC0
[2014.09.27-22.43.18:952][887]LogContentBrowser:Verbose: The content browser source was changed by the sources view to '/Game/Maps'
[2014.09.27-22.43.19:586][963]LogContentBrowser:Verbose: The content browser source was changed by the sources view to '/Game/Hud'
[2014.09.27-22.43.20:855][115]LogContentBrowser:Verbose: The content browser source was changed by the sources view to '/Game/Effects'
[2014.09.27-22.43.21:811][229]LogContentBrowser:Verbose: The content browser source was changed by the sources view to '/Game/Hud'
[2014.09.27-22.43.23:965][487]LogContentBrowser:Verbose: The content browser source was changed by the sources view to '/Game/Effects'
[2014.09.27-22.43.27:112][864]LogContentBrowser:Verbose: The content browser source was changed by the sources view to '/Game/Blueprints'
[2014.09.27-22.43.28:319][  7]LogContentBrowser:Verbose: The content browser source was changed by the sources view to '/Game/Audio'
[2014.09.27-22.43.34:782][772]LogContentBrowser:Verbose: The content browser source was changed by the sources view to '/Game/Hud'
[2014.09.27-22.43.35:671][878]LogContentBrowser:Verbose: The content browser source was changed by the sources view to '/Game/Menus'
[2014.09.27-22.43.36:406][965]LogContentBrowser:Verbose: The content browser source was changed by the sources view to '/Game/Menus/Brushes'
[2014.09.27-22.43.37:293][ 70]LogContentBrowser:Verbose: The content browser source was changed by the sources view to '/Game/Menus'
[2014.09.27-22.43.37:887][140]LogContentBrowser:Verbose: The content browser source was changed by the sources view to '/Game/Menus/Brushes'
[2014.09.27-22.43.40:600][464]LogContentBrowser:Verbose: The content browser source was changed by the sources view to '/Game/Menus/Brushes/EggCollection_UMG'
[2014.09.27-22.43.41:748][600]LogContentBrowser:Verbose: The content browser source was changed by the sources view to '/Game/oldfiles'
[2014.09.27-22.43.50:819][406]LogContentBrowser:Verbose: The content browser source was changed by the sources view to 'None'
[2014.09.27-22.44.13:311][382]LogMaterial: Missing cached shader map for material PreviewMaterial_1, compiling.
[2014.09.27-22.44.13:321][382]LogActorComponent: UnregisterComponent: (/Engine/Transient.SkeletalMeshComponent_1) Not registered. Aborting.
[2014.09.27-22.44.13:376][382]LogActorComponent: UnregisterComponent: (/Engine/Transient.SkeletalMeshComponent_1) Not registered. Aborting.
[2014.09.27-22.44.13:376][382]LogActorComponent: RegisterComponentWithWorld: (/Engine/Transient.MaterialEditorMeshComponent_1) Already registered. Aborting.
[2014.09.27-22.44.13:376][382]LogActorComponent: UnregisterComponent: (/Engine/Transient.SkeletalMeshComponent_1) Not registered. Aborting.
[2014.09.27-22.44.13:376][382]LogActorComponent: RegisterComponentWithWorld: (/Engine/Transient.MaterialEditorMeshComponent_1) Already registered. Aborting.
[2014.09.27-22.44.13:377][382]LogMaterial: Missing cached shader map for material PreviewMaterial_1, compiling.
[2014.09.27-22.44.13:406][382]LogMaterial: Missing cached shader map for material FMatExpressionPreview MaterialExpressionTextureSample_0, compiling.
[2014.09.27-22.44.14:995][516]MaterialEditorStats: Info Base pass shader with only dynamic lighting: 42 instructions
[2014.09.27-22.44.14:995][516]MaterialEditorStats: Info Base pass shader for self shadowed translucency: 78 instructions
[2014.09.27-22.44.14:995][516]MaterialEditorStats: Info Vertex shader: 70 instructions
[2014.09.27-22.44.14:995][516]MaterialEditorStats: Info Texture samplers: 5/16
[2014.09.27-22.44.19:625][ 35]LogParticles: Destroying 0 GPU particle simulations for FXSystem 0x0000000015C98E00
[2014.09.27-22.44.32:244][410]LogContentBrowser:Verbose: The content browser source was changed by the sources view to '/Game/Audio'
[2014.09.27-22.44.33:094][509]LogContentBrowser:Verbose: The content browser source was changed by the sources view to '/Game/Effects'
[2014.09.27-22.44.34:009][618]LogContentBrowser:Verbose: The content browser source was changed by the sources view to '/Game/Hud'
[2014.09.27-22.44.34:604][689]LogContentBrowser:Verbose: The content browser source was changed by the sources view to '/Game/Maps'
[2014.09.27-22.44.35:288][771]LogContentBrowser:Verbose: The content browser source was changed by the sources view to '/Game/Materials'
[2014.09.27-22.44.35:951][850]LogContentBrowser:Verbose: The content browser source was changed by the sources view to '/Game/Menus'
[2014.09.27-22.44.36:795][950]LogContentBrowser:Verbose: The content browser source was changed by the sources view to '/Game/Menus/Brushes'
[2014.09.27-22.44.38:874][198]LogContentBrowser:Verbose: The content browser source was changed by the sources view to '/Game/Sprites'
[2014.09.27-22.44.39:320][251]LogContentBrowser:Verbose: The content browser source was changed by the sources view to '/Game/Menus/Brushes/EggCollection_UMG'
[2014.09.27-22.44.41:701][535]LogContentBrowser:Verbose: The content browser source was changed by the sources view to '/Game/Sprites'
[2014.09.27-22.44.47:401][ 83]LogContentBrowser:Verbose: The content browser source was changed by the sources view to '/Game/Sprites/AngryBird'
[2014.09.27-22.44.48:620][229]LogContentBrowser:Verbose: The content browser source was changed by the sources view to '/Game/Sprites/Background'
[2014.09.27-22.44.51:864][618]LogContentBrowser:Verbose: The content browser source was changed by the sources view to '/Game/Sprites/Ground'
[2014.09.27-22.45.03:507][339]LogContentBrowser:Verbose: The content browser source was changed by the sources view to '/Game/Sprites/NewBGSprites'
[2014.09.27-22.45.16:652][886]LogContentBrowser:Verbose: The content browser source was changed by the sources view to '/Game/Blueprints'
[2014.09.27-22.45.28:366][811]LogContentBrowser:Verbose: The content browser source was changed by the sources view to '/Game/Textures'
[2014.09.27-22.45.31:596][193]LogContentBrowser:Verbose: The content browser source was changed by the sources view to '/Game/Sprites/Ground'
[2014.09.27-22.45.32:325][280]LogContentBrowser:Verbose: The content browser source was changed by the sources view to '/Game/Sprites/NewBGSprites'
[2014.09.27-22.45.51:975][290]LogParticles: Destroying 0 GPU particle simulations for FXSystem 0x00000000241189A0
[2014.09.27-22.46.22:145][679]LogLinker:Warning: Can't find file '/Game/Blueprints/BP_LvlBlock2'
[2014.09.27-22.46.22:145][679]LogLinker:Warning: Can't find file for asset '/Game/Blueprints/BP_LvlBlock2' while loading ../../../../../../Users/SSD64/Unreal Projects/TappyBIrd2d/Content/Maps/testmap.umap.
[2014.09.27-22.46.22:145][679]LoadErrors:Error: Error /Game/Maps/testmap : Can't find file for asset. /Game/Blueprints/BP_LvlBlock2
[2014.09.27-22.46.22:145][679]LogLinker:Warning: Can't find file '/Game/Blueprints/BP_LvlBlock2'
[2014.09.27-22.46.22:145][679]LogLinker:Warning: Can't find file for asset '/Game/Blueprints/BP_LvlBlock2' while loading ../../../../../../Users/SSD64/Unreal Projects/TappyBIrd2d/Content/Maps/testmap.umap.
[2014.09.27-22.46.22:145][679]LogLinker:Warning: Can't find file '/Game/Blueprints/BP_LvlBlock2'
[2014.09.27-22.46.22:145][679]LogLinker:Warning: Can't find file for asset '/Game/Blueprints/BP_LvlBlock2' while loading ../../../../../../Users/SSD64/Unreal Projects/TappyBIrd2d/Content/Maps/testmap.umap.
[2014.09.27-22.46.22:145][679]LogLinker:Warning: Can't find file '/Game/Blueprints/BP_LvlBlock2'
[2014.09.27-22.46.22:145][679]LogLinker:Warning: Can't find file for asset '/Game/Blueprints/BP_LvlBlock2' while loading ../../../../../../Users/SSD64/Unreal Projects/TappyBIrd2d/Content/Maps/testmap.umap.
[2014.09.27-22.46.22:146][679]LogLinker:Warning: Can't find file '/Game/Blueprints/BP_LvlBlock2'
[2014.09.27-22.46.22:146][679]LogLinker:Warning: Can't find file for asset '/Game/Blueprints/BP_LvlBlock2' while loading ../../../../../../Users/SSD64/Unreal Projects/TappyBIrd2d/Content/Maps/testmap.umap.
[2014.09.27-22.46.22:149][679]LogLinker:Warning: Can't find file '/Game/Blueprints/BP_LvlBlock2'
[2014.09.27-22.46.22:149][679]LogLinker:Warning: Can't find file for asset '/Game/Blueprints/BP_LvlBlock2' while loading NULL.
[2014.09.27-22.46.22:149][679]LogLinker:Warning: Can't find file '/Game/Blueprints/BP_LvlBlock2'
[2014.09.27-22.46.22:149][679]LogLinker:Warning: Can't find file for asset '/Game/Blueprints/BP_LvlBlock2' while loading NULL.
[2014.09.27-22.46.22:149][679]LogLinker:Warning: CreateExport: Failed to load Outer for resource 'Arrow1': BP_LvlBlock2_C /Game/Maps/testmap.testmap:PersistentLevel.BP_LvlBlock2_C_0
[2014.09.27-22.46.22:149][679]LogLinker:Warning: Can't find file '/Game/Blueprints/BP_LvlBlock2'
[2014.09.27-22.46.22:149][679]LogLinker:Warning: Can't find file for asset '/Game/Blueprints/BP_LvlBlock2' while loading NULL.
[2014.09.27-22.46.22:149][679]LogLinker:Warning: Can't find file '/Game/Blueprints/BP_LvlBlock2'
[2014.09.27-22.46.22:149][679]LogLinker:Warning: Can't find file for asset '/Game/Blueprints/BP_LvlBlock2' while loading NULL.
[2014.09.27-22.46.22:149][679]LogLinker:Warning: Can't find file '/Game/Blueprints/BP_LvlBlock2'
[2014.09.27-22.46.22:149][679]LogLinker:Warning: Can't find file for asset '/Game/Blueprints/BP_LvlBlock2' while loading NULL.
[2014.09.27-22.46.22:150][679]LogLinker:Warning: Can't find file '/Game/Blueprints/BP_LvlBlock2'
[2014.09.27-22.46.22:150][679]LogLinker:Warning: Can't find file for asset '/Game/Blueprints/BP_LvlBlock2' while loading NULL.
[2014.09.27-22.46.22:150][679]LogLinker:Warning: CreateExport: Failed to load Outer for resource 'Camera1': BP_LvlBlock2_C /Game/Maps/testmap.testmap:PersistentLevel.BP_LvlBlock2_C_0
[2014.09.27-22.46.22:150][679]LogLinker:Warning: Can't find file '/Game/Blueprints/BP_LvlBlock2'
[2014.09.27-22.46.22:150][679]LogLinker:Warning: Can't find file for asset '/Game/Blueprints/BP_LvlBlock2' while loading NULL.
[2014.09.27-22.46.22:150][679]LogLinker:Warning: Can't find file '/Game/Blueprints/BP_LvlBlock2'
[2014.09.27-22.46.22:150][679]LogLinker:Warning: Can't find file for asset '/Game/Blueprints/BP_LvlBlock2' while loading NULL.
[2014.09.27-22.46.22:150][679]LogLinker:Warning: CreateExport: Failed to load Outer for resource 'TappyBIrd2d': BP_LvlBlock2_C /Game/Maps/testmap.testmap:PersistentLevel.BP_LvlBlock2_C_0
[2014.09.27-22.46.22:150][679]LogLinker:Warning: Can't find file '/Game/Blueprints/BP_LvlBlock2'
[2014.09.27-22.46.22:150][679]LogLinker:Warning: Can't find file for asset '/Game/Blueprints/BP_LvlBlock2' while loading NULL.
[2014.09.27-22.46.22:150][679]LogLinker:Warning: Can't find file '/Game/Blueprints/BP_LvlBlock2'
[2014.09.27-22.46.22:150][679]LogLinker:Warning: Can't find file for asset '/Game/Blueprints/BP_LvlBlock2' while loading NULL.
[2014.09.27-22.46.22:150][679]LogLinker:Warning: CreateExport: Failed to load Outer for resource 'BackgroundSKy': BP_LvlBlock2_C /Game/Maps/testmap.testmap:PersistentLevel.BP_LvlBlock2_C_0
[2014.09.27-22.46.22:150][679]LogLinker:Warning: Can't find file '/Game/Blueprints/BP_LvlBlock2'
[2014.09.27-22.46.22:150][679]LogLinker:Warning: Can't find file for asset '/Game/Blueprints/BP_LvlBlock2' while loading NULL.
[2014.09.27-22.46.22:151][679]LogLinker:Warning: Can't find file '/Game/Blueprints/BP_LvlBlock2'
[2014.09.27-22.46.22:151][679]LogLinker:Warning: Can't find file for asset '/Game/Blueprints/BP_LvlBlock2' while loading NULL.
[2014.09.27-22.46.22:151][679]LogLinker:Warning: CreateExport: Failed to load Outer for resource 'Bushes': BP_LvlBlock2_C /Game/Maps/testmap.testmap:PersistentLevel.BP_LvlBlock2_C_0
[2014.09.27-22.46.22:151][679]LogLinker:Warning: Can't find file '/Game/Blueprints/BP_LvlBlock2'
[2014.09.27-22.46.22:151][679]LogLinker:Warning: Can't find file for asset '/Game/Blueprints/BP_LvlBlock2' while loading NULL.
[2014.09.27-22.46.22:151][679]LogLinker:Warning: Can't find file '/Game/Blueprints/BP_LvlBlock2'
[2014.09.27-22.46.22:151][679]LogLinker:Warning: Can't find file for asset '/Game/Blueprints/BP_LvlBlock2' while loading NULL.
[2014.09.27-22.46.22:151][679]LogLinker:Warning: CreateExport: Failed to load Outer for resource 'Cllouds': BP_LvlBlock2_C /Game/Maps/testmap.testmap:PersistentLevel.BP_LvlBlock2_C_0
[2014.09.27-22.46.22:151][679]LogLinker:Warning: Can't find file '/Game/Blueprints/BP_LvlBlock2'
[2014.09.27-22.46.22:151][679]LogLinker:Warning: Can't find file for asset '/Game/Blueprints/BP_LvlBlock2' while loading NULL.
[2014.09.27-22.46.22:151][679]LogLinker:Warning: Can't find file '/Game/Blueprints/BP_LvlBlock2'
[2014.09.27-22.46.22:151][679]LogLinker:Warning: Can't find file for asset '/Game/Blueprints/BP_LvlBlock2' while loading NULL.
[2014.09.27-22.46.22:151][679]LogLinker:Warning: CreateExport: Failed to load Outer for resource 'Ground': BP_LvlBlock2_C /Game/Maps/testmap.testmap:PersistentLevel.BP_LvlBlock2_C_0
[2014.09.27-22.46.22:151][679]LogLinker:Warning: Can't find file '/Game/Blueprints/BP_LvlBlock2'
[2014.09.27-22.46.22:151][679]LogLinker:Warning: Can't find file for asset '/Game/Blueprints/BP_LvlBlock2' while loading NULL.
[2014.09.27-22.46.22:151][679]LogLinker:Warning: Can't find file '/Game/Blueprints/BP_LvlBlock2'
[2014.09.27-22.46.22:151][679]LogLinker:Warning: Can't find file for asset '/Game/Blueprints/BP_LvlBlock2' while loading NULL.
[2014.09.27-22.46.22:152][679]LogLinker:Warning: CreateExport: Failed to load Outer for resource 'Sphere1': BP_LvlBlock2_C /Game/Maps/testmap.testmap:PersistentLevel.BP_LvlBlock2_C_0
[2014.09.27-22.46.22:152][679]LogLinker:Warning: Can't find file '/Game/Blueprints/BP_LvlBlock2'
[2014.09.27-22.46.22:152][679]LogLinker:Warning: Can't find file for asset '/Game/Blueprints/BP_LvlBlock2' while loading NULL.
[2014.09.27-22.46.22:152][679]LogLinker:Warning: Can't find file '/Game/Blueprints/BP_LvlBlock2'
[2014.09.27-22.46.22:152][679]LogLinker:Warning: Can't find file for asset '/Game/Blueprints/BP_LvlBlock2' while loading NULL.
[2014.09.27-22.46.22:152][679]LogLinker:Warning: CreateExport: Failed to load Outer for resource 'TimelineComp__8': BP_LvlBlock2_C /Game/Maps/testmap.testmap:PersistentLevel.BP_LvlBlock2_C_0
[2014.09.27-22.46.22:152][679]LogLinker:Warning: Can't find file '/Game/Blueprints/BP_LvlBlock2'
[2014.09.27-22.46.22:152][679]LogLinker:Warning: Can't find file for asset '/Game/Blueprints/BP_LvlBlock2' while loading NULL.
[2014.09.27-22.46.22:152][679]LogLinker:Warning: Can't find file '/Game/Blueprints/BP_LvlBlock2'
[2014.09.27-22.46.22:152][679]LogLinker:Warning: Can't find file for asset '/Game/Blueprints/BP_LvlBlock2' while loading NULL.
[2014.09.27-22.46.22:152][679]LogLinker:Warning: CreateExport: Failed to load Outer for resource 'TimelineComp__9': BP_LvlBlock2_C /Game/Maps/testmap.testmap:PersistentLevel.BP_LvlBlock2_C_0
[2014.09.27-22.46.22:152][679]LogLinker:Warning: Can't find file '/Game/Blueprints/BP_LvlBlock2'
[2014.09.27-22.46.22:152][679]LogLinker:Warning: Can't find file for asset '/Game/Blueprints/BP_LvlBlock2' while loading NULL.
[2014.09.27-22.46.22:152][679]LogLinker:Warning: Can't find file '/Game/Blueprints/BP_LvlBlock2'
[2014.09.27-22.46.22:153][679]LoadErrors: Info Failed to load /Game/Blueprints/BP_LvlBlock2.BP_LvlBlock2_C Referenced by PersistentLevel Property /Script/Engine.PrimitiveComponent:OnComponentEndOverlap
[2014.09.27-22.46.22:153][679]LogLinker:Warning: Can't find file for asset '/Game/Blueprints/BP_LvlBlock2' while loading NULL.
[2014.09.27-22.46.22:184][679]Cmd: OBJ SAVEPACKAGE PACKAGE="/Game/Sprites/Ground/newgroundGround" FILE="../../../../../../Users/SSD64/Unreal Projects/TappyBIrd2d/Content/Sprites/Ground/newgroundGround.uasset" SILENT=true
[2014.09.27-22.46.22:191][679]LogSavePackage: Save=4.972310ms
[2014.09.27-22.46.22:191][679]LogSavePackage: Moving '../../../../../../Users/SSD64/Unreal Projects/TappyBIrd2d/Saved/newgroundGroundF109B50943A5B8D0F354ED8EBC4B914F.tmp' to '../../../../../../Users/SSD64/Unreal Projects/TappyBIrd2d/Content/Sprites/Ground/newgroundGround.uasset'
[2014.09.27-22.46.22:215][679]LogSavePackage: Save=11.676400ms
[2014.09.27-22.46.22:215][679]LogSavePackage: Moving '../../../../../../Users/SSD64/Unreal Projects/TappyBIrd2d/Saved/newgroundGround_Sprite272AFAAF641CC40F5372D29BFC9E45499.tmp' to '../../../../../../Users/SSD64/Unreal Projects/TappyBIrd2d/Content/Sprites/Ground/newgroundGround_Sprite2.uasset'
[2014.09.27-22.46.22:302][679]LogSavePackage: Save=3.092694ms
[2014.09.27-22.46.22:302][679]LogSavePackage: Moving '../../../../../../Users/SSD64/Unreal Projects/TappyBIrd2d/Saved/newgroundGround_Sprite2C3100DC648875217D3F330AAEC38D075.tmp' to '../../../../../../Users/SSD64/Unreal Projects/TappyBIrd2d/Content/Sprites/NewBGSprites/newgroundGround_Sprite2.uasset'
[2014.09.27-22.46.28:520][390]Cmd: OBJ SAVEPACKAGE PACKAGE="/Game/Sprites/Background/newbush" FILE="../../../../../../Users/SSD64/Unreal Projects/TappyBIrd2d/Content/Sprites/Background/newbush.uasset" SILENT=true
[2014.09.27-22.46.28:531][390]LogSavePackage: Save=8.803538ms
[2014.09.27-22.46.28:531][390]LogSavePackage: Moving '../../../../../../Users/SSD64/Unreal Projects/TappyBIrd2d/Saved/newbushEC3593EA407D3916FB83FD8219967221.tmp' to '../../../../../../Users/SSD64/Unreal Projects/TappyBIrd2d/Content/Sprites/Background/newbush.uasset'
[2014.09.27-22.46.28:543][390]Cmd: OBJ SAVEPACKAGE PACKAGE="/Game/Sprites/Background/newbush_Sprite" FILE="../../../../../../Users/SSD64/Unreal Projects/TappyBIrd2d/Content/Sprites/Background/newbush_Sprite.uasset" SILENT=true
[2014.09.27-22.46.28:557][390]LogSavePackage: Save=12.592209ms
[2014.09.27-22.46.28:557][390]LogSavePackage: Moving '../../../../../../Users/SSD64/Unreal Projects/TappyBIrd2d/Saved/newbush_Sprite885AFC384B58A7E0B70058BACB16A7CB.tmp' to '../../../../../../Users/SSD64/Unreal Projects/TappyBIrd2d/Content/Sprites/Background/newbush_Sprite.uasset'
[2014.09.27-22.46.28:562][390]Cmd: OBJ SAVEPACKAGE PACKAGE="/Game/Sprites/NewBGSprites/newbush_Sprite" FILE="../../../../../../Users/SSD64/Unreal Projects/TappyBIrd2d/Content/Sprites/NewBGSprites/newbush_Sprite.uasset" SILENT=true
[2014.09.27-22.46.28:644][390]LogSavePackage: Save=2.757666ms
[2014.09.27-22.46.28:644][390]LogSavePackage: Moving '../../../../../../Users/SSD64/Unreal Projects/TappyBIrd2d/Saved/newbush_Sprite10C7A6D14D23DED05A17EFA8B597A9A1.tmp' to '../../../../../../Users/SSD64/Unreal Projects/TappyBIrd2d/Content/Sprites/NewBGSprites/newbush_Sprite.uasset'
[2014.09.27-22.46.39:552][651]LogContentBrowser:Verbose: The content browser source was changed by the sources view to '/Game/Sprites/Pipes'
[2014.09.27-22.46.40:553][771]LogContentBrowser:Verbose: The content browser source was changed by the sources view to '/Game/Textures'
[2014.09.27-22.46.41:425][873]LogContentBrowser:Verbose: The content browser source was changed by the sources view to '/Game/Textures/EggsUMG'
[2014.09.27-22.46.42:817][ 37]LogContentBrowser:Verbose: The content browser source was changed by the sources view to '/Game/Textures/Fx'
[2014.09.27-22.46.44:214][204]LogContentBrowser:Verbose: The content browser source was changed by the sources view to '/Game/Textures/EggsUMG'
[2014.09.27-22.46.45:679][377]LogContentBrowser:Verbose: The content browser source was changed by the sources view to '/Game/Textures'
[2014.09.27-22.46.50:111][906]LogContentBrowser:Verbose: The content browser source was changed by the sources view to '/Game/Materials'
[2014.09.27-22.46.50:876][997]LogContentBrowser:Verbose: The content browser source was changed by the sources view to '/Game/Menus'
[2014.09.27-22.46.53:597][291]Cmd: OBJ SAVEPACKAGE PACKAGE="/Game/Maps/Example_Map" FILE="../../../../../../Users/SSD64/Unreal Projects/TappyBIrd2d/Content/Maps/Example_Map.umap" SILENT=true AUTOSAVING=false KEEPDIRTY=false
[2014.09.27-22.46.53:719][291]LogSavePackage: Save=33.913399ms
[2014.09.27-22.46.53:719][291]LogSavePackage: Moving '../../../../../../Users/SSD64/Unreal Projects/TappyBIrd2d/Saved/Example_Map10DC081A4577230915BFE99D41755387.tmp' to '../../../../../../Users/SSD64/Unreal Projects/TappyBIrd2d/Content/Maps/Example_Map.umap'
[2014.09.27-22.46.53:754][291]LogFileHelpers: Saving map 'Example_Map' took 0.291
[2014.09.27-22.46.53:764][291]Cmd: OBJ SAVEPACKAGE PACKAGE="/Game/Sprites/RunFrames/RunCycle_1" FILE="../../../../../../Users/SSD64/Unreal Projects/TappyBIrd2d/Content/Sprites/RunFrames/RunCycle_1.uasset" SILENT=true
[2014.09.27-22.46.53:853][291]LogSavePackage: Save=8.884176ms
[2014.09.27-22.46.53:854][291]LogSavePackage: Moving '../../../../../../Users/SSD64/Unreal Projects/TappyBIrd2d/Saved/RunCycle_1AC12E24447454B3C69E1BB988A65CE0C.tmp' to '../../../../../../Users/SSD64/Unreal Projects/TappyBIrd2d/Content/Sprites/RunFrames/RunCycle_1.uasset'
[2014.09.27-22.46.53:866][291]Cmd: OBJ SAVEPACKAGE PACKAGE="/Game/Sprites/RunFrames/RunCycle_10" FILE="../../../../../../Users/SSD64/Unreal Projects/TappyBIrd2d/Content/Sprites/RunFrames/RunCycle_10.uasset" SILENT=true
[2014.09.27-22.46.53:955][291]LogSavePackage: Save=9.130247ms
[2014.09.27-22.46.53:955][291]LogSavePackage: Moving '../../../../../../Users/SSD64/Unreal Projects/TappyBIrd2d/Saved/RunCycle_10B7E0B3EF4692FF484AA2FB9E9C90BC4A.tmp' to '../../../../../../Users/SSD64/Unreal Projects/TappyBIrd2d/Content/Sprites/RunFrames/RunCycle_10.uasset'
[2014.09.27-22.46.53:967][291]Cmd: OBJ SAVEPACKAGE PACKAGE="/Game/Sprites/RunFrames/RunCycle_11" FILE="../../../../../../Users/SSD64/Unreal Projects/TappyBIrd2d/Content/Sprites/RunFrames/RunCycle_11.uasset" SILENT=true
[2014.09.27-22.46.54:055][291]LogSavePackage: Save=8.873296ms
[2014.09.27-22.46.54:055][291]LogSavePackage: Moving '../../../../../../Users/SSD64/Unreal Projects/TappyBIrd2d/Saved/RunCycle_11FA5F608A4AD21862FB39FE983780E0BF.tmp' to '../../../../../../Users/SSD64/Unreal Projects/TappyBIrd2d/Content/Sprites/RunFrames/RunCycle_11.uasset'
[2014.09.27-22.46.54:067][291]Cmd: OBJ SAVEPACKAGE PACKAGE="/Game/Sprites/RunFrames/RunCycle_12" FILE="../../../../../../Users/SSD64/Unreal Projects/TappyBIrd2d/Content/Sprites/RunFrames/RunCycle_12.uasset" SILENT=true
[2014.09.27-22.46.54:155][291]LogSavePackage: Save=9.030731ms
[2014.09.27-22.46.54:155][291]LogSavePackage: Moving '../../../../../../Users/SSD64/Unreal Projects/TappyBIrd2d/Saved/RunCycle_128D2E14844F7B58E2C873738A6FA9AE38.tmp' to '../../../../../../Users/SSD64/Unreal Projects/TappyBIrd2d/Content/Sprites/RunFrames/RunCycle_12.uasset'
[2014.09.27-22.46.54:168][291]Cmd: OBJ SAVEPACKAGE PACKAGE="/Game/Sprites/RunFrames/RunCycle_13" FILE="../../../../../../Users/SSD64/Unreal Projects/TappyBIrd2d/Content/Sprites/RunFrames/RunCycle_13.uasset" SILENT=true
[2014.09.27-22.46.54:258][291]LogSavePackage: Save=9.426237ms
[2014.09.27-22.46.54:258][291]LogSavePackage: Moving '../../../../../../Users/SSD64/Unreal Projects/TappyBIrd2d/Saved/RunCycle_131D745E6846F1C57F27EED7AA67A19870.tmp' to '../../../../../../Users/SSD64/Unreal Projects/TappyBIrd2d/Content/Sprites/RunFrames/RunCycle_13.uasset'
[2014.09.27-22.46.54:269][291]Cmd: OBJ SAVEPACKAGE PACKAGE="/Game/Sprites/RunFrames/RunCycle_14" FILE="../../../../../../Users/SSD64/Unreal Projects/TappyBIrd2d/Content/Sprites/RunFrames/RunCycle_14.uasset" SILENT=true
[2014.09.27-22.46.54:357][291]LogSavePackage: Save=8.834897ms
[2014.09.27-22.46.54:357][291]LogSavePackage: Moving '../../../../../../Users/SSD64/Unreal Projects/TappyBIrd2d/Saved/RunCycle_142CD365DB4EF8452C73F265B573BFCE73.tmp' to '../../../../../../Users/SSD64/Unreal Projects/TappyBIrd2d/Content/Sprites/RunFrames/RunCycle_14.uasset'
[2014.09.27-22.46.54:368][291]Cmd: OBJ SAVEPACKAGE PACKAGE="/Game/Sprites/RunFrames/RunCycle_15" FILE="../../../../../../Users/SSD64/Unreal Projects/TappyBIrd2d/Content/Sprites/RunFrames/RunCycle_15.uasset" SILENT=true
[2014.09.27-22.46.54:458][291]LogSavePackage: Save=9.607671ms
[2014.09.27-22.46.54:458][291]LogSavePackage: Moving '../../../../../../Users/SSD64/Unreal Projects/TappyBIrd2d/Saved/RunCycle_158077B3FC4688B7CA059C3898EC1BFF32.tmp' to '../../../../../../Users/SSD64/Unreal Projects/TappyBIrd2d/Content/Sprites/RunFrames/RunCycle_15.uasset'
[2014.09.27-22.46.54:470][291]Cmd: OBJ SAVEPACKAGE PACKAGE="/Game/Sprites/RunFrames/RunCycle_16" FILE="../../../../../../Users/SSD64/Unreal Projects/TappyBIrd2d/Content/Sprites/RunFrames/RunCycle_16.uasset" SILENT=true
[2014.09.27-22.46.54:558][291]LogSavePackage: Save=9.261123ms
[2014.09.27-22.46.54:558][291]LogSavePackage: Moving '../../../../../../Users/SSD64/Unreal Projects/TappyBIrd2d/Saved/RunCycle_162556AB164816FB900E51C58F4F102271.tmp' to '../../../../../../Users/SSD64/Unreal Projects/TappyBIrd2d/Content/Sprites/RunFrames/RunCycle_16.uasset'
[2014.09.27-22.46.54:570][291]Cmd: OBJ SAVEPACKAGE PACKAGE="/Game/Sprites/RunFrames/RunCycle_2" FILE="../../../../../../Users/SSD64/Unreal Projects/TappyBIrd2d/Content/Sprites/RunFrames/RunCycle_2.uasset" SILENT=true
[2014.09.27-22.46.54:658][291]LogSavePackage: Save=9.547513ms
[2014.09.27-22.46.54:658][291]LogSavePackage: Moving '../../../../../../Users/SSD64/Unreal Projects/TappyBIrd2d/Saved/RunCycle_2B3EBFFA2458FCC2C9C1B5795CCB86C60.tmp' to '../../../../../../Users/SSD64/Unreal Projects/TappyBIrd2d/Content/Sprites/RunFrames/RunCycle_2.uasset'
[2014.09.27-22.46.54:670][291]Cmd: OBJ SAVEPACKAGE PACKAGE="/Game/Sprites/RunFrames/RunCycle_3" FILE="../../../../../../Users/SSD64/Unreal Projects/TappyBIrd2d/Content/Sprites/RunFrames/RunCycle_3.uasset" SILENT=true
[2014.09.27-22.46.54:758][291]LogSavePackage: Save=9.416318ms
[2014.09.27-22.46.54:758][291]LogSavePackage: Moving '../../../../../../Users/SSD64/Unreal Projects/TappyBIrd2d/Saved/RunCycle_30426955C462592CDAD6517B2AE8B3084.tmp' to '../../../../../../Users/SSD64/Unreal Projects/TappyBIrd2d/Content/Sprites/RunFrames/RunCycle_3.uasset'
[2014.09.27-22.46.54:770][291]Cmd: OBJ SAVEPACKAGE PACKAGE="/Game/Sprites/RunFrames/RunCycle_4" FILE="../../../../../../Users/SSD64/Unreal Projects/TappyBIrd2d/Content/Sprites/RunFrames/RunCycle_4.uasset" SILENT=true
[2014.09.27-22.46.54:860][291]LogSavePackage: Save=9.334721ms
[2014.09.27-22.46.54:860][291]LogSavePackage: Moving '../../../../../../Users/SSD64/Unreal Projects/TappyBIrd2d/Saved/RunCycle_4DF8259824C6986DC1EAE6CBFC1347A6B.tmp' to '../../../../../../Users/SSD64/Unreal Projects/TappyBIrd2d/Content/Sprites/RunFrames/RunCycle_4.uasset'
[2014.09.27-22.46.54:873][291]Cmd: OBJ SAVEPACKAGE PACKAGE="/Game/Sprites/RunFrames/RunCycle_5" FILE="../../../../../../Users/SSD64/Unreal Projects/TappyBIrd2d/Content/Sprites/RunFrames/RunCycle_5.uasset" SILENT=true
[2014.09.27-22.46.54:962][291]LogSavePackage: Save=9.091208ms
[2014.09.27-22.46.54:962][291]LogSavePackage: Moving '../../../../../../Users/SSD64/Unreal Projects/TappyBIrd2d/Saved/RunCycle_595C3EC1048AE8C33039AF088971E8EED.tmp' to '../../../../../../Users/SSD64/Unreal Projects/TappyBIrd2d/Content/Sprites/RunFrames/RunCycle_5.uasset'
[2014.09.27-22.46.54:975][291]Cmd: OBJ SAVEPACKAGE PACKAGE="/Game/Sprites/RunFrames/RunCycle_6" FILE="../../../../../../Users/SSD64/Unreal Projects/TappyBIrd2d/Content/Sprites/RunFrames/RunCycle_6.uasset" SILENT=true
[2014.09.27-22.46.55:064][291]LogSavePackage: Save=9.799664ms
[2014.09.27-22.46.55:064][291]LogSavePackage: Moving '../../../../../../Users/SSD64/Unreal Projects/TappyBIrd2d/Saved/RunCycle_6994E461D403AB927BF2FCCA173D5C2D5.tmp' to '../../../../../../Users/SSD64/Unreal Projects/TappyBIrd2d/Content/Sprites/RunFrames/RunCycle_6.uasset'
[2014.09.27-22.46.55:076][291]Cmd: OBJ SAVEPACKAGE PACKAGE="/Game/Sprites/RunFrames/RunCycle_7" FILE="../../../../../../Users/SSD64/Unreal Projects/TappyBIrd2d/Content/Sprites/RunFrames/RunCycle_7.uasset" SILENT=true
[2014.09.27-22.46.55:166][291]LogSavePackage: Save=8.735381ms
[2014.09.27-22.46.55:166][291]LogSavePackage: Moving '../../../../../../Users/SSD64/Unreal Projects/TappyBIrd2d/Saved/RunCycle_7152750CA43A456BD6CAB448D937EBDFE.tmp' to '../../../../../../Users/SSD64/Unreal Projects/TappyBIrd2d/Content/Sprites/RunFrames/RunCycle_7.uasset'
[2014.09.27-22.46.55:178][291]Cmd: OBJ SAVEPACKAGE PACKAGE="/Game/Sprites/RunFrames/RunCycle_8" FILE="../../../../../../Users/SSD64/Unreal Projects/TappyBIrd2d/Content/Sprites/RunFrames/RunCycle_8.uasset" SILENT=true
[2014.09.27-22.46.55:266][291]LogSavePackage: Save=8.663383ms
[2014.09.27-22.46.55:266][291]LogSavePackage: Moving '../../../../../../Users/SSD64/Unreal Projects/TappyBIrd2d/Saved/RunCycle_87BFB9E62478A440B56F6819E512CB0EB.tmp' to '../../../../../../Users/SSD64/Unreal Projects/TappyBIrd2d/Content/Sprites/RunFrames/RunCycle_8.uasset'
[2014.09.27-22.46.55:277][291]Cmd: OBJ SAVEPACKAGE PACKAGE="/Game/Sprites/RunFrames/RunCycle_9" FILE="../../../../../../Users/SSD64/Unreal Projects/TappyBIrd2d/Content/Sprites/RunFrames/RunCycle_9.uasset" SILENT=true
[2014.09.27-22.46.55:365][291]LogSavePackage: Save=8.851217ms
[2014.09.27-22.46.55:365][291]LogSavePackage: Moving '../../../../../../Users/SSD64/Unreal Projects/TappyBIrd2d/Saved/RunCycle_9D88560F044AB0CD99DCF91B43A286BE8.tmp' to '../../../../../../Users/SSD64/Unreal Projects/TappyBIrd2d/Content/Sprites/RunFrames/RunCycle_9.uasset'
[2014.09.27-22.46.55:369][291]Cmd: OBJ SAVEPACKAGE PACKAGE="/Game/Sprites/IdleAnimation" FILE="../../../../../../Users/SSD64/Unreal Projects/TappyBIrd2d/Content/Sprites/IdleAnimation.uasset" SILENT=true
[2014.09.27-22.46.55:451][291]LogSavePackage: Save=2.037050ms
[2014.09.27-22.46.55:451][291]LogSavePackage: Moving '../../../../../../Users/SSD64/Unreal Projects/TappyBIrd2d/Saved/IdleAnimationE9F7F9194198181ABDA2D89CFD9F6CE1.tmp' to '../../../../../../Users/SSD64/Unreal Projects/TappyBIrd2d/Content/Sprites/IdleAnimation.uasset'
[2014.09.27-22.46.55:455][291]Cmd: OBJ SAVEPACKAGE PACKAGE="/Game/Sprites/IdleFrames/IdleCycle1" FILE="../../../../../../Users/SSD64/Unreal Projects/TappyBIrd2d/Content/Sprites/IdleFrames/IdleCycle1.uasset" SILENT=true
[2014.09.27-22.46.55:536][291]LogSavePackage: Save=1.874176ms
[2014.09.27-22.46.55:536][291]LogSavePackage: Moving '../../../../../../Users/SSD64/Unreal Projects/TappyBIrd2d/Saved/IdleCycle1DFE419ED4CAFD2F1E9D1339546312110.tmp' to '../../../../../../Users/SSD64/Unreal Projects/TappyBIrd2d/Content/Sprites/IdleFrames/IdleCycle1.uasset'
[2014.09.27-22.46.55:540][291]Cmd: OBJ SAVEPACKAGE PACKAGE="/Game/Sprites/IdleFrames/IdleCycle2" FILE="../../../../../../Users/SSD64/Unreal Projects/TappyBIrd2d/Content/Sprites/IdleFrames/IdleCycle2.uasset" SILENT=true
[2014.09.27-22.46.55:623][291]LogSavePackage: Save=1.928254ms
[2014.09.27-22.46.55:623][291]LogSavePackage: Moving '../../../../../../Users/SSD64/Unreal Projects/TappyBIrd2d/Saved/IdleCycle2375618F640CDDCBE5F72608F31C44B22.tmp' to '../../../../../../Users/SSD64/Unreal Projects/TappyBIrd2d/Content/Sprites/IdleFrames/IdleCycle2.uasset'
[2014.09.27-22.46.55:626][291]Cmd: OBJ SAVEPACKAGE PACKAGE="/Game/Sprites/IdleFrames/IdleCycle3" FILE="../../../../../../Users/SSD64/Unreal Projects/TappyBIrd2d/Content/Sprites/IdleFrames/IdleCycle3.uasset" SILENT=true
[2014.09.27-22.46.55:708][291]LogSavePackage: Save=2.292722ms
[2014.09.27-22.46.55:708][291]LogSavePackage: Moving '../../../../../../Users/SSD64/Unreal Projects/TappyBIrd2d/Saved/IdleCycle3D2D12D6D490BEF4453CE33AE5061CE39.tmp' to '../../../../../../Users/SSD64/Unreal Projects/TappyBIrd2d/Content/Sprites/IdleFrames/IdleCycle3.uasset'
[2014.09.27-22.46.55:712][291]Cmd: OBJ SAVEPACKAGE PACKAGE="/Game/Sprites/IdleFrames/IdleCycle4" FILE="../../../../../../Users/SSD64/Unreal Projects/TappyBIrd2d/Content/Sprites/IdleFrames/IdleCycle4.uasset" SILENT=true
[2014.09.27-22.46.55:795][291]LogSavePackage: Save=2.119287ms
[2014.09.27-22.46.55:795][291]LogSavePackage: Moving '../../../../../../Users/SSD64/Unreal Projects/TappyBIrd2d/Saved/IdleCycle4742BAD2C40C854E89EF9DDA7F3A1B126.tmp' to '../../../../../../Users/SSD64/Unreal Projects/TappyBIrd2d/Content/Sprites/IdleFrames/IdleCycle4.uasset'
[2014.09.27-22.46.55:799][291]Cmd: OBJ SAVEPACKAGE PACKAGE="/Game/Sprites/IdleFrames/IdleCycle5" FILE="../../../../../../Users/SSD64/Unreal Projects/TappyBIrd2d/Content/Sprites/IdleFrames/IdleCycle5.uasset" SILENT=true
[2014.09.27-22.46.55:881][291]LogSavePackage: Save=2.095928ms
[2014.09.27-22.46.55:881][291]LogSavePackage: Moving '../../../../../../Users/SSD64/Unreal Projects/TappyBIrd2d/Saved/IdleCycle568AD855847B051E0577832B720962978.tmp' to '../../../../../../Users/SSD64/Unreal Projects/TappyBIrd2d/Content/Sprites/IdleFrames/IdleCycle5.uasset'
[2014.09.27-22.46.55:885][291]Cmd: OBJ SAVEPACKAGE PACKAGE="/Game/Sprites/IdleFrames/IdleCycle6" FILE="../../../../../../Users/SSD64/Unreal Projects/TappyBIrd2d/Content/Sprites/IdleFrames/IdleCycle6.uasset" SILENT=true
[2014.09.27-22.46.55:967][291]LogSavePackage: Save=1.972412ms
[2014.09.27-22.46.55:967][291]LogSavePackage: Moving '../../../../../../Users/SSD64/Unreal Projects/TappyBIrd2d/Saved/IdleCycle6B6B00BB3486140F02A04ACA73CA18B38.tmp' to '../../../../../../Users/SSD64/Unreal Projects/TappyBIrd2d/Content/Sprites/IdleFrames/IdleCycle6.uasset'
[2014.09.27-22.46.55:971][291]Cmd: OBJ SAVEPACKAGE PACKAGE="/Game/Sprites/IdleFrames/IdleCycle7" FILE="../../../../../../Users/SSD64/Unreal Projects/TappyBIrd2d/Content/Sprites/IdleFrames/IdleCycle7.uasset" SILENT=true
[2014.09.27-22.46.56:053][291]LogSavePackage: Save=2.029691ms
[2014.09.27-22.46.56:054][291]LogSavePackage: Moving '../../../../../../Users/SSD64/Unreal Projects/TappyBIrd2d/Saved/IdleCycle7F4A86F8F403679BF489631A20A38D0B8.tmp' to '../../../../../../Users/SSD64/Unreal Projects/TappyBIrd2d/Content/Sprites/IdleFrames/IdleCycle7.uasset'
[2014.09.27-22.46.56:058][291]Cmd: OBJ SAVEPACKAGE PACKAGE="/Game/Sprites/IdleFrames/IdleCycle8" FILE="../../../../../../Users/SSD64/Unreal Projects/TappyBIrd2d/Content/Sprites/IdleFrames/IdleCycle8.uasset" SILENT=true
[2014.09.27-22.46.56:140][291]LogSavePackage: Save=2.114168ms
[2014.09.27-22.46.56:140][291]LogSavePackage: Moving '../../../../../../Users/SSD64/Unreal Projects/TappyBIrd2d/Saved/IdleCycle8D797BA6B4C3578BFB6F